<?xml version="1.0" encoding="UTF-8"?>
<!-- Generated by org.testng.reporters.JUnitReportReporter -->
<testsuite hostname="LP-5CD013FPWR" failures="0" tests="1" name="com.hclTech.common.BrowserFactory" time="1.729" errors="0" timestamp="2025-08-01T10:56:09 IST" skipped="0">
  <testcase classname="com.hclTech.common.BrowserFactory" name="openSauceDemo" time="1.729"/>
</testsuite> <!-- com.hclTech.common.BrowserFactory -->
